<?xml version="1.0" encoding="UTF-8" ?>
<testsuite tests="12" failures="0" name="com.javatechie.bdd_example.TestRunner" time="0.004" errors="0" skipped="0">
  <properties>
[...]
</properties>
  <testcase classname="Scenario: Verify 10% offer" name="Given Execute DiscountService Business" time="0.004"/>
  <testcase classname="Scenario: Verify 10% offer" name="When if i will enter 5001" time="0"/>
  <testcase classname="Scenario: Verify 10% offer" name="Then we should get ten percentage discount" time="0"/>
  <testcase classname="Scenario: Verify 10% offer" name="Scenario: Verify 10% offer" time="0"/>
  <testcase classname="Scenario: Verify 15% offer" name="Given Execute DiscountService Business" time="0"/>
  <testcase classname="Scenario: Verify 15% offer" name="When if i will enter 11000" time="0"/>
  <testcase classname="Scenario: Verify 15% offer" name="Then we should get fifteen percentage discount" time="0"/>
  <testcase classname="Scenario: Verify 15% offer" name="Scenario: Verify 15% offer" time="0"/>
  <testcase classname="Scenario: Verify No offer" name="Given Execute DiscountService Business" time="0"/>
  <testcase classname="Scenario: Verify No offer" name="When if i will enter 4000" time="0"/>
  <testcase classname="Scenario: Verify No offer" name="Then we shouldn&apos;t get any percentage" time="0"/>
  <testcase classname="Scenario: Verify No offer" name="Scenario: Verify No offer" time="0"/>
</testsuite>